<?xml version="1.0" encoding="UTF-8"?>
<!-- Generated by org.testng.reporters.JUnitXMLReporter -->
<testsuite ignored="0" hostname="LPT1-VJadhav" failures="0" tests="2" name="Surefire test" time="18.257" errors="0" timestamp="2025-10-09T14:17:23 IST">
  <testcase classname="testcases.LoginTest" name="TC_LOGIN_001_VerifySuccessfulLoginWithValidCredentials" time="1.826"/>
  <testcase classname="testcases.LoginTest" name="TC_LOGIN_002_VerifyLoginFailsWithInvalidUsername" time="11.227"/>
</testsuite> <!-- Surefire test -->
