<?xml version="1.0" encoding="UTF-8"?>
<!-- Generated by org.testng.reporters.JUnitXMLReporter -->
<testsuite ignored="0" hostname="LPT1-VJadhav" failures="0" tests="2" name="Test" time="39.456" errors="0" timestamp="2025-10-09T15:15:26 IST">
  <testcase classname="testcases.LoginTest" name="TC_LOGIN_001_VerifySuccessfulLoginWithValidCredentials" time="1.851"/>
  <testcase classname="testcases.LoginTest" name="TC_LOGIN_002_VerifyLoginFailsWithInvalidUsername" time="11.004"/>
</testsuite> <!-- Test -->
