<?xml version="1.0" encoding="UTF-8"?>
<testng-results ignored="0" total="2" passed="2" failed="0" skipped="0">
  <reporter-output>
  </reporter-output>
  <suite started-at="2025-10-09T14:17:05 IST" name="Surefire suite" finished-at="2025-10-09T14:17:23 IST" duration-ms="18257">
    <groups>
      <group name="Master">
        <method signature="LoginTest.TC_LOGIN_001_VerifySuccessfulLoginWithValidCredentials()[pri:0, instance:testcases.LoginTest@2a62b5bc]" name="TC_LOGIN_001_VerifySuccessfulLoginWithValidCredentials" class="testcases.LoginTest"/>
        <method signature="LoginTest.TC_LOGIN_002_VerifyLoginFailsWithInvalidUsername()[pri:0, instance:testcases.LoginTest@2a62b5bc]" name="TC_LOGIN_002_VerifyLoginFailsWithInvalidUsername" class="testcases.LoginTest"/>
      </group> <!-- Master -->
      <group name="Sanity">
        <method signature="LoginTest.TC_LOGIN_001_VerifySuccessfulLoginWithValidCredentials()[pri:0, instance:testcases.LoginTest@2a62b5bc]" name="TC_LOGIN_001_VerifySuccessfulLoginWithValidCredentials" class="testcases.LoginTest"/>
        <method signature="LoginTest.TC_LOGIN_002_VerifyLoginFailsWithInvalidUsername()[pri:0, instance:testcases.LoginTest@2a62b5bc]" name="TC_LOGIN_002_VerifyLoginFailsWithInvalidUsername" class="testcases.LoginTest"/>
      </group> <!-- Sanity -->
    </groups>
    <test started-at="2025-10-09T14:17:05 IST" name="Surefire test" finished-at="2025-10-09T14:17:23 IST" duration-ms="18257">
      <class name="testcases.LoginTest">
        <test-method is-config="true" signature="initialize(java.lang.String,java.lang.String)[pri:0, instance:testcases.LoginTest@2a62b5bc]" started-at="2025-10-09T14:17:05 IST" name="initialize" finished-at="2025-10-09T14:17:07 IST" duration-ms="2236" status="PASS">
          <params>
            <param index="0">
              <value>
                <![CDATA[Windows]]>
              </value>
            </param>
            <param index="1">
              <value>
                <![CDATA[chrome]]>
              </value>
            </param>
          </params>
          <reporter-output>
          </reporter-output>
        </test-method> <!-- initialize -->
        <test-method signature="TC_LOGIN_001_VerifySuccessfulLoginWithValidCredentials()[pri:0, instance:testcases.LoginTest@2a62b5bc]" started-at="2025-10-09T14:17:07 IST" name="TC_LOGIN_001_VerifySuccessfulLoginWithValidCredentials" finished-at="2025-10-09T14:17:09 IST" duration-ms="1826" status="PASS">
          <reporter-output>
          </reporter-output>
        </test-method> <!-- TC_LOGIN_001_VerifySuccessfulLoginWithValidCredentials -->
        <test-method is-config="true" signature="cleanup()[pri:0, instance:testcases.LoginTest@2a62b5bc]" started-at="2025-10-09T14:17:09 IST" name="cleanup" finished-at="2025-10-09T14:17:09 IST" duration-ms="603" status="PASS">
          <reporter-output>
          </reporter-output>
        </test-method> <!-- cleanup -->
        <test-method is-config="true" signature="initialize(java.lang.String,java.lang.String)[pri:0, instance:testcases.LoginTest@2a62b5bc]" started-at="2025-10-09T14:17:09 IST" name="initialize" finished-at="2025-10-09T14:17:11 IST" duration-ms="1737" status="PASS">
          <params>
            <param index="0">
              <value>
                <![CDATA[Windows]]>
              </value>
            </param>
            <param index="1">
              <value>
                <![CDATA[chrome]]>
              </value>
            </param>
          </params>
          <reporter-output>
          </reporter-output>
        </test-method> <!-- initialize -->
        <test-method signature="TC_LOGIN_002_VerifyLoginFailsWithInvalidUsername()[pri:0, instance:testcases.LoginTest@2a62b5bc]" started-at="2025-10-09T14:17:11 IST" name="TC_LOGIN_002_VerifyLoginFailsWithInvalidUsername" finished-at="2025-10-09T14:17:22 IST" duration-ms="11227" status="PASS">
          <reporter-output>
          </reporter-output>
        </test-method> <!-- TC_LOGIN_002_VerifyLoginFailsWithInvalidUsername -->
        <test-method is-config="true" signature="cleanup()[pri:0, instance:testcases.LoginTest@2a62b5bc]" started-at="2025-10-09T14:17:22 IST" name="cleanup" finished-at="2025-10-09T14:17:23 IST" duration-ms="603" status="PASS">
          <reporter-output>
          </reporter-output>
        </test-method> <!-- cleanup -->
      </class> <!-- testcases.LoginTest -->
    </test> <!-- Surefire test -->
  </suite> <!-- Surefire suite -->
</testng-results>
