<?xml version="1.0" encoding="UTF-8"?>
<testng-results ignored="0" total="1" passed="1" failed="0" skipped="0">
  <reporter-output>
  </reporter-output>
  <suite started-at="2025-10-08T17:58:28 IST" name="Suite" finished-at="2025-10-08T17:58:32 IST" duration-ms="4398">
    <groups>
      <group name="Master">
        <method signature="AccountRegistration.TC_AccountRegistartion_001()[pri:0, instance:testcases.AccountRegistration@3faf2e7d]" name="TC_AccountRegistartion_001" class="testcases.AccountRegistration"/>
      </group> <!-- Master -->
      <group name="Regression">
        <method signature="AccountRegistration.TC_AccountRegistartion_001()[pri:0, instance:testcases.AccountRegistration@3faf2e7d]" name="TC_AccountRegistartion_001" class="testcases.AccountRegistration"/>
      </group> <!-- Regression -->
    </groups>
    <test started-at="2025-10-08T17:58:28 IST" name="Test" finished-at="2025-10-08T17:58:32 IST" duration-ms="4398">
      <class name="testcases.AccountRegistration">
        <test-method is-config="true" signature="initialize(java.lang.String,java.lang.String)[pri:0, instance:testcases.AccountRegistration@3faf2e7d]" started-at="2025-10-08T17:58:28 IST" name="initialize" finished-at="2025-10-08T17:58:30 IST" duration-ms="2095" status="PASS">
          <params>
            <param index="0">
              <value>
                <![CDATA[windows]]>
              </value>
            </param>
            <param index="1">
              <value>
                <![CDATA[chrome]]>
              </value>
            </param>
          </params>
          <reporter-output>
          </reporter-output>
        </test-method> <!-- initialize -->
        <test-method signature="TC_AccountRegistartion_001()[pri:0, instance:testcases.AccountRegistration@3faf2e7d]" started-at="2025-10-08T17:58:30 IST" name="TC_AccountRegistartion_001" finished-at="2025-10-08T17:58:32 IST" duration-ms="1935" status="PASS">
          <reporter-output>
          </reporter-output>
        </test-method> <!-- TC_AccountRegistartion_001 -->
        <test-method is-config="true" signature="cleanup()[pri:0, instance:testcases.AccountRegistration@3faf2e7d]" started-at="2025-10-08T17:58:32 IST" name="cleanup" finished-at="2025-10-08T17:58:32 IST" duration-ms="195" status="PASS">
          <reporter-output>
          </reporter-output>
        </test-method> <!-- cleanup -->
      </class> <!-- testcases.AccountRegistration -->
    </test> <!-- Test -->
  </suite> <!-- Suite -->
</testng-results>
