<?xml version="1.0" encoding="UTF-8"?>
<testng-results ignored="0" total="2" passed="2" failed="0" skipped="0">
  <reporter-output>
  </reporter-output>
  <suite started-at="2025-10-09T15:14:46 IST" name="Suite" finished-at="2025-10-09T15:15:26 IST" duration-ms="39456">
    <groups>
      <group name="Master">
        <method signature="LoginTest.TC_LOGIN_001_VerifySuccessfulLoginWithValidCredentials()[pri:0, instance:testcases.LoginTest@eb6449b]" name="TC_LOGIN_001_VerifySuccessfulLoginWithValidCredentials" class="testcases.LoginTest"/>
        <method signature="LoginTest.TC_LOGIN_002_VerifyLoginFailsWithInvalidUsername()[pri:0, instance:testcases.LoginTest@eb6449b]" name="TC_LOGIN_002_VerifyLoginFailsWithInvalidUsername" class="testcases.LoginTest"/>
      </group> <!-- Master -->
      <group name="Sanity">
        <method signature="LoginTest.TC_LOGIN_001_VerifySuccessfulLoginWithValidCredentials()[pri:0, instance:testcases.LoginTest@eb6449b]" name="TC_LOGIN_001_VerifySuccessfulLoginWithValidCredentials" class="testcases.LoginTest"/>
        <method signature="LoginTest.TC_LOGIN_002_VerifyLoginFailsWithInvalidUsername()[pri:0, instance:testcases.LoginTest@eb6449b]" name="TC_LOGIN_002_VerifyLoginFailsWithInvalidUsername" class="testcases.LoginTest"/>
      </group> <!-- Sanity -->
    </groups>
    <test started-at="2025-10-09T15:14:46 IST" name="Test" finished-at="2025-10-09T15:15:26 IST" duration-ms="39456">
      <class name="testcases.LoginTest">
        <test-method is-config="true" signature="initialize(java.lang.String,java.lang.String)[pri:0, instance:testcases.LoginTest@eb6449b]" started-at="2025-10-09T15:14:47 IST" name="initialize" finished-at="2025-10-09T15:15:11 IST" duration-ms="24014" status="PASS">
          <params>
            <param index="0">
              <value>
                <![CDATA[windows]]>
              </value>
            </param>
            <param index="1">
              <value>
                <![CDATA[edge]]>
              </value>
            </param>
          </params>
          <reporter-output>
          </reporter-output>
        </test-method> <!-- initialize -->
        <test-method signature="TC_LOGIN_001_VerifySuccessfulLoginWithValidCredentials()[pri:0, instance:testcases.LoginTest@eb6449b]" started-at="2025-10-09T15:15:11 IST" name="TC_LOGIN_001_VerifySuccessfulLoginWithValidCredentials" finished-at="2025-10-09T15:15:12 IST" duration-ms="1851" status="PASS">
          <reporter-output>
          </reporter-output>
        </test-method> <!-- TC_LOGIN_001_VerifySuccessfulLoginWithValidCredentials -->
        <test-method is-config="true" signature="cleanup()[pri:0, instance:testcases.LoginTest@eb6449b]" started-at="2025-10-09T15:15:12 IST" name="cleanup" finished-at="2025-10-09T15:15:13 IST" duration-ms="272" status="PASS">
          <reporter-output>
          </reporter-output>
        </test-method> <!-- cleanup -->
        <test-method is-config="true" signature="initialize(java.lang.String,java.lang.String)[pri:0, instance:testcases.LoginTest@eb6449b]" started-at="2025-10-09T15:15:13 IST" name="initialize" finished-at="2025-10-09T15:15:14 IST" duration-ms="1669" status="PASS">
          <params>
            <param index="0">
              <value>
                <![CDATA[windows]]>
              </value>
            </param>
            <param index="1">
              <value>
                <![CDATA[edge]]>
              </value>
            </param>
          </params>
          <reporter-output>
          </reporter-output>
        </test-method> <!-- initialize -->
        <test-method signature="TC_LOGIN_002_VerifyLoginFailsWithInvalidUsername()[pri:0, instance:testcases.LoginTest@eb6449b]" started-at="2025-10-09T15:15:14 IST" name="TC_LOGIN_002_VerifyLoginFailsWithInvalidUsername" finished-at="2025-10-09T15:15:25 IST" duration-ms="11004" status="PASS">
          <reporter-output>
          </reporter-output>
        </test-method> <!-- TC_LOGIN_002_VerifyLoginFailsWithInvalidUsername -->
        <test-method is-config="true" signature="cleanup()[pri:0, instance:testcases.LoginTest@eb6449b]" started-at="2025-10-09T15:15:25 IST" name="cleanup" finished-at="2025-10-09T15:15:26 IST" duration-ms="417" status="PASS">
          <reporter-output>
          </reporter-output>
        </test-method> <!-- cleanup -->
      </class> <!-- testcases.LoginTest -->
    </test> <!-- Test -->
  </suite> <!-- Suite -->
</testng-results>
